03.04.2018 12:23:49 INFO: CheckForUpdate returned 7
03.04.2018 12:23:50 INFO: Softphone: Регистрация
03.04.2018 12:23:50 INFO: CallHandlingPage::OnInitDialog() call ID: 0  state: None (0)  called: , calling: 
03.04.2018 12:23:50 WARNING: Can't get response node
03.04.2018 12:23:51 INFO: Softphone: Регистрация
03.04.2018 12:23:51 INFO: Softphone: Успешное завершение регистрации
03.04.2018 12:26:32 ALL: 03.04.2018 12:26:32: Received event: {"event":"state","state":6}

03.04.2018 12:26:32 ALL: 03.04.2018 12:26:32: Received event: {"event":"state","state":6}

03.04.2018 12:26:34 ALL: 03.04.2018 12:26:34: Received event: {"event":"state","state":5}

03.04.2018 12:27:46 ALL: 03.04.2018 12:27:46: Received event: {"event":"state","state":6}

03.04.2018 12:27:49 ALL: 03.04.2018 12:27:49: Received event: {"event":"state","state":6}

03.04.2018 12:27:54 ALL: 03.04.2018 12:27:54: Received event: {"event":"state","state":5}

03.04.2018 12:28:41 ALL: 03.04.2018 12:28:41: Received event: {"cid":"84852674267","direction":"in","event":"ring","id":"15227477224251","name":"4852674267","queuename":""}

03.04.2018 12:28:41 ALL: 03.04.2018 12:28:41: Received event: {"cid":"84852674267","direction":"in","event":"ring","id":"15227477224249","name":"4852674267","queuename":"demo"}

03.04.2018 12:28:46 INFO: Softphone: Успешное завершение регистрации
03.04.2018 12:28:52 ALL: 03.04.2018 12:28:52: Received event: {"cid":"84852674267","direction":"in","event":"bridge","id":"15227477224248","queuename":"demo"}

03.04.2018 12:28:52 ALL: 03.04.2018 12:28:52: Received event: {"cid":"84852674267","direction":"in","event":"bridge","id":"15227477224248","queuename":"demo"}

03.04.2018 12:28:52 INFO: CallHandlingPage::OnInitDialog() call ID: 15227477224248  state: Connected (4)  called: demo, calling: 84852674267
03.04.2018 12:28:52 WARNING: Can't get response node
03.04.2018 12:28:55 ALL: 03.04.2018 12:28:55: Received event: {"cid":"84852674267","direction":"out","event":"hangup","id":"15227477224251"}

03.04.2018 12:28:56 ALL: 03.04.2018 12:28:56: Received event: {"cid":"84852674267","direction":"in","event":"hangup","id":"15227477224250"}

03.04.2018 12:28:56 ALL: 03.04.2018 12:28:56: Received event: {"cid":"84852674267","direction":"in","event":"hangup","id":"15227477224250"}

03.04.2018 12:29:03 ALL: 03.04.2018 12:29:03: Received event: {"cid":"84852674267","direction":"out","event":"hangup","id":"15227477224249"}

03.04.2018 12:29:03 ALL: 03.04.2018 12:29:03: Received event: {"cid":"84852674267","direction":"out","event":"hangup","id":"15227477224249"}

03.04.2018 12:29:03 ALL: 03.04.2018 12:29:03: Received event: {"cid":"84852674267","direction":"in","event":"hangup","id":"15227477224248"}

03.04.2018 12:29:03 ALL: 03.04.2018 12:29:03: Received event: {"cid":"84852674267","direction":"in","event":"hangup","id":"15227477224248"}

03.04.2018 12:29:03 INFO: CallHandlingPage::ScheduleClose() call ID: 15227477224248
03.04.2018 12:29:03 INFO: CallHandlingPage::ScheduleClose() call ID: 15227477224248
03.04.2018 12:29:04 INFO: CallHandlingPage::OnTimer(1) call ID: 15227477224248
03.04.2018 12:29:05 INFO: CallHandlingPage::OnTimer(1) call ID: 15227477224248
03.04.2018 12:29:06 INFO: CallHandlingPage::OnTimer(1) call ID: 15227477224248
03.04.2018 12:29:07 INFO: CallHandlingPage::OnTimer(1) call ID: 15227477224248
03.04.2018 12:29:08 INFO: CallHandlingPage::OnTimer(1) call ID: 15227477224248
03.04.2018 12:29:09 INFO: CallHandlingPage::OnTimer(1) call ID: 15227477224248
03.04.2018 12:29:10 INFO: CallHandlingPage::OnTimer(1) call ID: 15227477224248
03.04.2018 12:29:11 INFO: CallHandlingPage::OnTimer(1) call ID: 15227477224248
03.04.2018 12:29:11 ALL: 03.04.2018 12:29:11: Received event: {"event":"state","state":6}

03.04.2018 12:29:12 INFO: CallHandlingPage::OnTimer(1) call ID: 15227477224248
03.04.2018 12:29:13 INFO: CallHandlingPage::OnTimer(1) call ID: 15227477224248
03.04.2018 12:29:14 INFO: CallHandlingPage::OnTimer(1) call ID: 15227477224248
