25.07.2018 11:08:47 WARNING: Server returned error (code: 1007) 'User has not authenticated': User with name 'erpico' has not authenticated
25.07.2018 11:08:47 WARNING: 'auth' is empty
25.07.2018 11:08:51 WARNING: Server returned error (code: 1007) 'User has not authenticated': User with name 'erpico' has not authenticated
25.07.2018 11:08:51 WARNING: 'auth' is empty
25.07.2018 11:08:56 WARNING: Server returned error (code: 1007) 'User has not authenticated': User with name 'erpico' has not authenticated
25.07.2018 11:08:56 WARNING: 'auth' is empty
25.07.2018 11:09:01 WARNING: Server returned error (code: 1007) 'User has not authenticated': User with name 'test' has not authenticated
25.07.2018 11:09:01 WARNING: 'auth' is empty
25.07.2018 11:09:06 WARNING: Server returned error (code: 1007) 'User has not authenticated': User with name 'erpico' has not authenticated
25.07.2018 11:09:06 WARNING: 'auth' is empty
25.07.2018 11:09:12 WARNING: Server returned error (code: 1007) 'User has not authenticated': User with name 'erpico' has not authenticated
25.07.2018 11:09:12 WARNING: 'auth' is empty
25.07.2018 11:09:20 WARNING: Server returned error (code: 1007) 'User has not authenticated': User with name 'test' has not authenticated
25.07.2018 11:09:20 WARNING: 'auth' is empty
25.07.2018 11:09:24 WARNING: Server returned error (code: 1007) 'User has not authenticated': User with name 'admin' has not authenticated
25.07.2018 11:09:24 WARNING: 'auth' is empty
25.07.2018 11:09:34 WARNING: Server returned error (code: 1007) 'User has not authenticated': User with name 'erpico' has not authenticated
25.07.2018 11:09:34 WARNING: 'auth' is empty
25.07.2018 11:09:37 WARNING: Server returned error (code: 1007) 'User has not authenticated': User with name 'erpico' has not authenticated
25.07.2018 11:09:37 WARNING: 'auth' is empty
25.07.2018 11:09:40 WARNING: Server returned error (code: 1007) 'User has not authenticated': User with name 'erpico' has not authenticated
25.07.2018 11:09:40 WARNING: 'auth' is empty
25.07.2018 11:09:50 WARNING: Server returned error (code: 1007) 'User has not authenticated': User with name 'test' has not authenticated
25.07.2018 11:09:50 WARNING: 'auth' is empty
25.07.2018 11:09:55 WARNING: Server returned error (code: 1007) 'User has not authenticated': User with name 'test' has not authenticated
25.07.2018 11:09:55 WARNING: 'auth' is empty
25.07.2018 11:10:16 WARNING: Server returned error (code: 1007) 'User has not authenticated': User with name 'erpico' has not authenticated
25.07.2018 11:10:16 WARNING: 'auth' is empty
25.07.2018 11:10:19 WARNING: Server returned error (code: 1007) 'User has not authenticated': User with name 'erpico' has not authenticated
25.07.2018 11:10:19 WARNING: 'auth' is empty
25.07.2018 11:11:19 WARNING: Unknown node 'update'
25.07.2018 11:26:27 WARNING: Unknown node 'update'
