03.04.2018 12:27:37 INFO: CheckForUpdate returned 7
03.04.2018 12:27:45 OFF: Softphone error(transportCreate): pjsua_transport_create(type, &tcfg, &tid) error: Address already in use (WSAEADDRINUSE) (status=130048) [..\src\pjsua2\endpoint.cpp:1460]
03.04.2018 12:27:46 INFO: Softphone: Регистрация
03.04.2018 12:27:46 ALL: 03.04.2018 12:27:46: Received event: {"event":"state","state":6}

03.04.2018 12:27:49 INFO: Softphone: Регистрация
03.04.2018 12:27:49 INFO: Softphone: Успешное завершение регистрации
03.04.2018 12:27:49 WARNING: ACD Client error: [3] Соединение с сервером телефонии потеряно
03.04.2018 12:27:49 ALL: 03.04.2018 12:27:49: Received event: {"event":"state","state":6}

03.04.2018 12:27:54 ALL: 03.04.2018 12:27:54: Received event: {"event":"state","state":5}

03.04.2018 12:28:41 ALL: 03.04.2018 12:28:41: Received event: {"cid":"84852674267","direction":"in","event":"ring","id":"15227477224251","name":"4852674267","queuename":""}

03.04.2018 12:28:41 ALL: 03.04.2018 12:28:41: Received event: {"cid":"84852674267","direction":"in","event":"ring","id":"15227477224249","name":"4852674267","queuename":"demo"}

03.04.2018 12:28:52 ALL: Softphone: Начало разговора
03.04.2018 12:28:52 ALL: 03.04.2018 12:28:52: Received event: {"cid":"84852674267","direction":"in","event":"bridge","id":"15227477224248","queuename":"demo"}

03.04.2018 12:28:52 ALL: 03.04.2018 12:28:52: Received event: {"cid":"84852674267","direction":"in","event":"bridge","id":"15227477224248","queuename":"demo"}

03.04.2018 12:28:55 ALL: 03.04.2018 12:28:55: Received event: {"cid":"84852674267","direction":"out","event":"hangup","id":"15227477224251"}

03.04.2018 12:28:56 ALL: 03.04.2018 12:28:56: Received event: {"cid":"84852674267","direction":"in","event":"hangup","id":"15227477224250"}

03.04.2018 12:28:56 ALL: 03.04.2018 12:28:56: Received event: {"cid":"84852674267","direction":"in","event":"hangup","id":"15227477224250"}

03.04.2018 12:29:03 ALL: Softphone: Разговор завершен
03.04.2018 12:29:03 ALL: 03.04.2018 12:29:03: Received event: {"cid":"84852674267","direction":"out","event":"hangup","id":"15227477224249"}

03.04.2018 12:29:03 ALL: 03.04.2018 12:29:03: Received event: {"cid":"84852674267","direction":"out","event":"hangup","id":"15227477224249"}

03.04.2018 12:29:03 ALL: 03.04.2018 12:29:03: Received event: {"cid":"84852674267","direction":"in","event":"hangup","id":"15227477224248"}

03.04.2018 12:29:03 ALL: 03.04.2018 12:29:03: Received event: {"cid":"84852674267","direction":"in","event":"hangup","id":"15227477224248"}

03.04.2018 12:29:11 ALL: 03.04.2018 12:29:11: Received event: {"event":"state","state":6}

